<?xml version="1.0" encoding="UTF-8"?>
<!-- Generated by org.testng.reporters.JUnitReportReporter -->
<testsuite hostname="Riyas-MacBook-Pro.local" name="TestCases.LogIn_Test" tests="3" failures="0" timestamp="11 Jun 2021 05:54:09 GMT" time="31.061" errors="0">
  <testcase name="BlankValues_LogIn" time="9.618" classname="TestCases.LogIn_Test"/>
  <testcase name="UserLogIn_Actions" time="10.965" classname="TestCases.LogIn_Test"/>
  <testcase name="InvalidUser_LogIn" time="10.478" classname="TestCases.LogIn_Test"/>
</testsuite> <!-- TestCases.LogIn_Test -->
